#
# A fatal error has been detected by the Java Runtime Environment:
#
#  SIGSEGV (0xb) at pc=0x00007f3dc192a0ad, pid=10943, tid=10983
#
# JRE version: OpenJDK Runtime Environment (11.0.11+9) (build 11.0.11+9-Ubuntu-0ubuntu2.20.04)
# Java VM: OpenJDK 64-Bit Server VM (11.0.11+9-Ubuntu-0ubuntu2.20.04, mixed mode, sharing, tiered, compressed oops, g1 gc, linux-amd64)
# Problematic frame:
# C  [libjimage.so+0x30ad]
#
# Core dump will be written. Default location: Core dumps may be processed with "/usr/share/apport/apport %p %s %c %d %P %E" (or dumping to /home/sachin/Desktop/Projectss/udaan/core.10943)
#
# If you would like to submit a bug report, please visit:
#   https://bugs.launchpad.net/ubuntu/+source/openjdk-lts
#

---------------  S U M M A R Y ------------

Command Line: -agentlib:jdwp=transport=dt_socket,suspend=y,address=localhost:38711 -Dmaven.home=EMBEDDED -Dclassworlds.conf=/home/sachin/eclipse-workspace/.metadata/.plugins/org.eclipse.m2e.launching/launches/m2conf18219747166077969943.tmp -Dmaven.multiModuleProjectDirectory=/home/sachin/Desktop/Projectss/udaan -javaagent:/home/sachin/eclipse/java-2021-09/eclipse/configuration/org.eclipse.osgi/217/0/.cp/lib/javaagent-shaded.jar -Dfile.encoding=UTF-8 org.codehaus.plexus.classworlds.launcher.Launcher -B spring-boot:run

Host: Intel(R) Core(TM) i3-6006U CPU @ 2.00GHz, 4 cores, 3G, Ubuntu 20.04.2 LTS
Time: Thu Sep 30 13:04:15 2021 IST elapsed time: 2555.293603 seconds (0d 0h 42m 35s)

---------------  T H R E A D  ---------------

Current thread (0x00007f3dbc12d800):  JavaThread "Signal Dispatcher" daemon [_thread_in_vm, id=10983, stack(0x00007f3d9c14f000,0x00007f3d9c250000)]

Stack: [0x00007f3d9c14f000,0x00007f3d9c250000],  sp=0x00007f3d9c24d1f0,  free space=1016k
Native frames: (J=compiled Java code, A=aot compiled Java code, j=interpreted, Vv=VM code, C=native code)
C  [libjimage.so+0x30ad]
C  [libjimage.so+0x3da2]
C  [libjimage.so+0x4291]  JIMAGE_FindResource+0xf1
V  [libjvm.so+0x5b0731]
V  [libjvm.so+0x5b2ee1]
V  [libjvm.so+0xdea23d]
V  [libjvm.so+0xde8dca]
V  [libjvm.so+0xdeb38b]
V  [libjvm.so+0x6624ce]
V  [libjvm.so+0x850e76]
j  jdk.internal.misc.Signal.dispatch(I)V+25 java.base@11.0.11
v  ~StubRoutines::call_stub
V  [libjvm.so+0x859b69]
V  [libjvm.so+0x858b82]
V  [libjvm.so+0xbc8b4e]
V  [libjvm.so+0xe2105f]
V  [libjvm.so+0xe1d690]
V  [libjvm.so+0xbdac76]

Java frames: (J=compiled Java code, j=interpreted, Vv=VM code)
j  jdk.internal.misc.Signal.dispatch(I)V+25 java.base@11.0.11
v  ~StubRoutines::call_stub

siginfo: si_signo: 11 (SIGSEGV), si_code: 1 (SEGV_MAPERR), si_addr: 0x00007f3db387e8e0

Register to memory mapping:

RAX=0x0000000000001a31 is an unknown value
RBX=0x00007f3d9c24d2a1 is pointing into the stack for thread: 0x00007f3dbc12d800
RCX=0x00007f3d9c24d2c3 is pointing into the stack for thread: 0x00007f3dbc12d800
RDX=0x0000000000001a31 is an unknown value
RSP=0x00007f3d9c24d1f0 is pointing into the stack for thread: 0x00007f3dbc12d800
RBP=0x00007f3d9c24d210 is pointing into the stack for thread: 0x00007f3dbc12d800
RSI=0x0 is NULL
RDI=0x00007f3dc192f030: <offset 0x0000000000008030> in /usr/lib/jvm/java-11-openjdk-amd64/lib/libjimage.so at 0x00007f3dc1927000
R8 =0x00007f3db387801c is an unknown value
R9 =0x00007f3d9c24e0b0 is pointing into the stack for thread: 0x00007f3dbc12d800
R10=0x00007f3dc2cfb460: <offset 0x0000000000f45460> in /usr/lib/jvm/java-11-openjdk-amd64/lib/server/libjvm.so at 0x00007f3dc1db6000
R11=0x00007f3d9c24e418 is pointing into the stack for thread: 0x00007f3dbc12d800
R12=0x000000000000843b is an unknown value
R13=0x00007f3d9c24d2a0 is pointing into the stack for thread: 0x00007f3dbc12d800
R14=0x0 is NULL
R15=0x00007f3dbc12e1e0 points into unknown readable memory: 0x65746e692f6b646a | 6a 64 6b 2f 69 6e 74 65


Registers:
RAX=0x0000000000001a31, RBX=0x00007f3d9c24d2a1, RCX=0x00007f3d9c24d2c3, RDX=0x0000000000001a31
RSP=0x00007f3d9c24d1f0, RBP=0x00007f3d9c24d210, RSI=0x0000000000000000, RDI=0x00007f3dc192f030
R8 =0x00007f3db387801c, R9 =0x00007f3d9c24e0b0, R10=0x00007f3dc2cfb460, R11=0x00007f3d9c24e418
R12=0x000000000000843b, R13=0x00007f3d9c24d2a0, R14=0x0000000000000000, R15=0x00007f3dbc12e1e0
RIP=0x00007f3dc192a0ad, EFLAGS=0x0000000000010246, CSGSFS=0x002b000000000033, ERR=0x0000000000000004
  TRAPNO=0x000000000000000e

Top of Stack: (sp=0x00007f3d9c24d1f0)
0x00007f3d9c24d1f0:   0000000000000000 00007f3d9c24e338
0x00007f3d9c24d200:   00007f3dbc0098b0 00007f3d9c24d2a0
0x00007f3d9c24d210:   00007f3d9c24d280 00007f3dc192ada2
0x00007f3d9c24d220:   0000000000000000 0000000000000000 

Instructions: (pc=0x00007f3dc192a0ad)
0x00007f3dc1929fad:   f3 ff ff 44 03 65 90 e9 3f fe ff ff 0f 1f 80 00
0x00007f3dc1929fbd:   00 00 00 41 8b 10 41 89 55 00 41 8b 54 00 fc 41
0x00007f3dc1929fcd:   89 54 05 fc e9 82 fc ff ff 66 2e 0f 1f 84 00 00
0x00007f3dc1929fdd:   00 00 00 b9 0a 00 00 00 e9 f0 fc ff ff 41 0f b7
0x00007f3dc1929fed:   54 00 fe 66 41 89 54 05 fe e9 5d fc ff ff 0f 1f
0x00007f3dc1929ffd:   44 00 00 f3 0f 1e fa 0f b6 17 89 f0 89 f1 4c 8d
0x00007f3dc192a00d:   47 01 84 d2 74 1c 0f 1f 44 00 00 69 c9 93 01 00
0x00007f3dc192a01d:   01 49 83 c0 01 31 d1 41 0f b6 50 ff 84 d2 75 eb
0x00007f3dc192a02d:   89 c8 25 ff ff ff 7f c3 90 66 2e 0f 1f 84 00 00
0x00007f3dc192a03d:   00 00 00 f3 0f 1e fa 48 85 d2 0f 84 da 00 00 00
0x00007f3dc192a04d:   55 48 89 e5 41 55 41 54 41 89 cc 53 48 83 ec 08
0x00007f3dc192a05d:   85 c9 0f 84 ba 00 00 00 49 89 f5 48 8d 5e 01 0f
0x00007f3dc192a06d:   b6 36 49 89 d0 40 84 f6 0f 84 9d 00 00 00 48 89
0x00007f3dc192a07d:   d9 b8 93 01 00 01 0f 1f 44 00 00 69 d0 93 01 00
0x00007f3dc192a08d:   01 48 83 c1 01 40 0f b6 c6 0f b6 71 ff 31 d0 40
0x00007f3dc192a09d:   84 f6 75 e7 25 ff ff ff 7f 31 d2 41 f7 f4 89 d0
0x00007f3dc192a0ad:   41 8b 34 80 48 8b 07 ff 50 20 85 c0 7f 15 74 62
0x00007f3dc192a0bd:   f7 d0 41 89 c0 48 83 c4 08 44 89 c0 5b 41 5c 41
0x00007f3dc192a0cd:   5d 5d c3 41 0f b6 4d 00 89 c6 84 c9 74 1b 0f 1f
0x00007f3dc192a0dd:   44 00 00 69 f6 93 01 00 01 48 83 c3 01 31 ce 0f
0x00007f3dc192a0ed:   b6 4b ff 84 c9 75 ec 89 f0 25 ff ff ff 7f 31 d2
0x00007f3dc192a0fd:   48 83 c4 08 41 f7 f4 5b 41 5c 41 5d 5d 41 89 d0
0x00007f3dc192a10d:   44 89 c0 c3 0f 1f 80 00 00 00 00 b8 93 01 00 01
0x00007f3dc192a11d:   eb 87 41 b8 ff ff ff ff eb 9b 41 83 c8 ff 44 89
0x00007f3dc192a12d:   c0 c3 90 f3 0f 1e fa eb 1d 66 2e 0f 1f 84 00 00
0x00007f3dc192a13d:   00 00 00 0f b6 16 84 d2 74 13 38 c2 75 15 48 83
0x00007f3dc192a14d:   c7 01 48 83 c6 01 0f b6 07 84 c0 75 e6 48 89 f8
0x00007f3dc192a15d:   c3 66 90 31 c0 c3 90 66 66 2e 0f 1f 84 00 00 00
0x00007f3dc192a16d:   00 00 90 f3 0f 1e fa 48 85 f6 74 51 0f b6 06 84
0x00007f3dc192a17d:   c0 74 4a 0f b6 d0 83 e0 07 c1 fa 03 44 8d 50 01
0x00007f3dc192a18d:   0f b6 c0 41 89 d1 4c 8d 44 06 02 48 8d 56 01 31
0x00007f3dc192a19d:   c0 66 90 0f b6 0a 48 c1 e0 08 48 83 c2 01 48 09 


Stack slot to memory mapping:
stack at sp + 0 slots: 0x0 is NULL
stack at sp + 1 slots: 0x00007f3d9c24e338 is pointing into the stack for thread: 0x00007f3dbc12d800
stack at sp + 2 slots: 0x00007f3dbc0098b0 points into unknown readable memory: 0x00007f3d58003f20 | 20 3f 00 58 3d 7f 00 00
stack at sp + 3 slots: 0x00007f3d9c24d2a0 is pointing into the stack for thread: 0x00007f3dbc12d800
stack at sp + 4 slots: 0x00007f3d9c24d280 is pointing into the stack for thread: 0x00007f3dbc12d800
stack at sp + 5 slots: 0x00007f3dc192ada2: <offset 0x0000000000003da2> in /usr/lib/jvm/java-11-openjdk-amd64/lib/libjimage.so at 0x00007f3dc1927000
stack at sp + 6 slots: 0x0 is NULL
stack at sp + 7 slots: 0x0 is NULL


---------------  P R O C E S S  ---------------

Threads class SMR info:
_java_thread_list=0x00007f3d50004680, length=28, elements={
0x00007f3dbc018000, 0x00007f3dbc126000, 0x00007f3dbc128000, 0x00007f3dbc12d800,
0x00007f3dbc12f800, 0x00007f3dbc131800, 0x00007f3dbc133800, 0x00007f3dbc135800,
0x00007f3dbc15c000, 0x00007f3dbc1a4800, 0x00007f3dbc1a9000, 0x00007f3d40d3d000,
0x00007f3d40d3e000, 0x00007f3d4102a000, 0x00007f3d41032000, 0x00007f3d41033000,
0x00007f3d41035000